Warning[205] C:\USERS\RENE ULLOA\DESKTOP\PIC\ENCIENDE LED.ASM 1 : Found directive in column 1. (LIST)
Warning[205] C:\USERS\RENE ULLOA\DESKTOP\PIC\ENCIENDE LED.ASM 8 : Found directive in column 1. (ORG)
Warning[205] C:\USERS\RENE ULLOA\DESKTOP\PIC\ENCIENDE LED.ASM 10 : Found directive in column 1. (ORG)
Warning[203] C:\USERS\RENE ULLOA\DESKTOP\PIC\ENCIENDE LED.ASM 12 : Found opcode in column 1. (MOVLW)
Warning[203] C:\USERS\RENE ULLOA\DESKTOP\PIC\ENCIENDE LED.ASM 13 : Found opcode in column 1. (MOVWF)
Warning[203] C:\USERS\RENE ULLOA\DESKTOP\PIC\ENCIENDE LED.ASM 14 : Found opcode in column 1. (MOVLW)
Warning[203] C:\USERS\RENE ULLOA\DESKTOP\PIC\ENCIENDE LED.ASM 15 : Found opcode in column 1. (MOVWF)
Warning[203] C:\USERS\RENE ULLOA\DESKTOP\PIC\ENCIENDE LED.ASM 16 : Found opcode in column 1. (BCF)
Warning[203] C:\USERS\RENE ULLOA\DESKTOP\PIC\ENCIENDE LED.ASM 17 : Found opcode in column 1. (CLRF)
Warning[203] C:\USERS\RENE ULLOA\DESKTOP\PIC\ENCIENDE LED.ASM 19 : Found opcode in column 1. (GOTO)
Warning[203] C:\USERS\RENE ULLOA\DESKTOP\PIC\ENCIENDE LED.ASM 20 : Found opcode in column 1. (MOVLW)
Warning[203] C:\USERS\RENE ULLOA\DESKTOP\PIC\ENCIENDE LED.ASM 21 : Found opcode in column 1. (MOVWF)
Warning[203] C:\USERS\RENE ULLOA\DESKTOP\PIC\ENCIENDE LED.ASM 22 : Found opcode in column 1. (CALL)
Warning[203] C:\USERS\RENE ULLOA\DESKTOP\PIC\ENCIENDE LED.ASM 23 : Found opcode in column 1. (BTFSS)
Warning[203] C:\USERS\RENE ULLOA\DESKTOP\PIC\ENCIENDE LED.ASM 24 : Found opcode in column 1. (GOTO)
Warning[203] C:\USERS\RENE ULLOA\DESKTOP\PIC\ENCIENDE LED.ASM 25 : Found opcode in column 1. (MOVLW)
Warning[203] C:\USERS\RENE ULLOA\DESKTOP\PIC\ENCIENDE LED.ASM 26 : Found opcode in column 1. (MOVWF)
Warning[203] C:\USERS\RENE ULLOA\DESKTOP\PIC\ENCIENDE LED.ASM 27 : Found opcode in column 1. (CALL)
Warning[203] C:\USERS\RENE ULLOA\DESKTOP\PIC\ENCIENDE LED.ASM 28 : Found opcode in column 1. (BTFSS)
Warning[203] C:\USERS\RENE ULLOA\DESKTOP\PIC\ENCIENDE LED.ASM 29 : Found opcode in column 1. (GOTO)
Warning[203] C:\USERS\RENE ULLOA\DESKTOP\PIC\ENCIENDE LED.ASM 30 : Found opcode in column 1. (MOVLW)
Warning[203] C:\USERS\RENE ULLOA\DESKTOP\PIC\ENCIENDE LED.ASM 31 : Found opcode in column 1. (MOVWF)
Warning[203] C:\USERS\RENE ULLOA\DESKTOP\PIC\ENCIENDE LED.ASM 32 : Found opcode in column 1. (CALL)
Warning[203] C:\USERS\RENE ULLOA\DESKTOP\PIC\ENCIENDE LED.ASM 33 : Found opcode in column 1. (BTFSS)
Warning[203] C:\USERS\RENE ULLOA\DESKTOP\PIC\ENCIENDE LED.ASM 34 : Found opcode in column 1. (GOTO)
Warning[203] C:\USERS\RENE ULLOA\DESKTOP\PIC\ENCIENDE LED.ASM 35 : Found opcode in column 1. (MOVLW)
Warning[203] C:\USERS\RENE ULLOA\DESKTOP\PIC\ENCIENDE LED.ASM 36 : Found opcode in column 1. (MOVWF)
Warning[203] C:\USERS\RENE ULLOA\DESKTOP\PIC\ENCIENDE LED.ASM 37 : Found opcode in column 1. (CALL)
Warning[203] C:\USERS\RENE ULLOA\DESKTOP\PIC\ENCIENDE LED.ASM 39 : Found opcode in column 1. (GOTO)
Warning[203] C:\USERS\RENE ULLOA\DESKTOP\PIC\ENCIENDE LED.ASM 41 : Found opcode in column 1. (MOVWF)
Warning[203] C:\USERS\RENE ULLOA\DESKTOP\PIC\ENCIENDE LED.ASM 43 : Found opcode in column 1. (NOP)
Warning[203] C:\USERS\RENE ULLOA\DESKTOP\PIC\ENCIENDE LED.ASM 44 : Found opcode in column 1. (NOP)
Warning[203] C:\USERS\RENE ULLOA\DESKTOP\PIC\ENCIENDE LED.ASM 45 : Found opcode in column 1. (NOP)
Warning[203] C:\USERS\RENE ULLOA\DESKTOP\PIC\ENCIENDE LED.ASM 46 : Found opcode in column 1. (NOP)
Warning[203] C:\USERS\RENE ULLOA\DESKTOP\PIC\ENCIENDE LED.ASM 47 : Found opcode in column 1. (NOP)
Warning[203] C:\USERS\RENE ULLOA\DESKTOP\PIC\ENCIENDE LED.ASM 48 : Found opcode in column 1. (DECFSZ)
Warning[203] C:\USERS\RENE ULLOA\DESKTOP\PIC\ENCIENDE LED.ASM 49 : Found opcode in column 1. (GOTO)
Warning[203] C:\USERS\RENE ULLOA\DESKTOP\PIC\ENCIENDE LED.ASM 50 : Found opcode in column 1. (RETURN)
Warning[205] C:\USERS\RENE ULLOA\DESKTOP\PIC\ENCIENDE LED.ASM 51 : Found directive in column 1. (END)
